<?xml version="1.0" encoding="UTF-8"?>
<!-- Generated by org.testng.reporters.JUnitReportReporter -->
<testsuite hostname="ChiragsPc" failures="0" tests="1" name="ParthaTest" time="0.003" errors="0" timestamp="2021-12-10T17:19:43 IST" skipped="0">
  <testcase classname="ParthaTest" name="test" time="0.003"/>
  <system-out/>
</testsuite> <!-- ParthaTest -->
