<?xml version="1.0" encoding="UTF-8"?>
<!-- Generated by org.testng.reporters.JUnitReportReporter -->
<testsuite hostname="ChiragsPc" failures="0" tests="1" name="ChiragTest" time="0.015" errors="0" timestamp="2021-12-10T17:19:43 IST" skipped="0">
  <testcase classname="ChiragTest" name="test" time="0.015"/>
  <system-out/>
</testsuite> <!-- ChiragTest -->
