<?xml version="1.0" encoding="UTF-8"?>
<!-- Generated by org.testng.reporters.JUnitReportReporter -->
<testsuite hostname="ChiragsPc" failures="0" tests="1" name="Trail1" time="0.006" errors="0" timestamp="2021-12-10T10:10:16 IST" skipped="0">
  <testcase classname="Trail1" name="sample" time="0.006"/>
  <system-out/>
</testsuite> <!-- Trail1 -->
