<?xml version="1.0" encoding="UTF-8"?>
<!-- Generated by org.testng.reporters.JUnitReportReporter -->
<testsuite hostname="ChiragsPc" failures="0" tests="1" name="TrailTest" time="0.010" errors="0" timestamp="2021-12-10T16:51:55 IST" skipped="0">
  <testcase classname="TrailTest" name="sample" time="0.010"/>
  <system-out/>
</testsuite> <!-- TrailTest -->
