<?xml version="1.0" encoding="UTF-8"?>
<!-- Generated by org.testng.reporters.JUnitReportReporter -->
<testsuite hostname="ChiragsPc" failures="0" tests="1" name="ReadDataParTest" time="0.012" errors="0" timestamp="2021-12-10T17:21:09 IST" skipped="0">
  <testcase classname="ReadDataParTest" name="readdata" time="0.012"/>
  <system-out/>
</testsuite> <!-- ReadDataParTest -->
