<?xml version="1.0" encoding="UTF-8"?>
<!-- Generated by org.testng.reporters.JUnitReportReporter -->
<testsuite hostname="ChiragsPc" failures="0" tests="1" name="ChinnuTest" time="0.007" errors="0" timestamp="2021-12-10T16:51:17 IST" skipped="0">
  <testcase classname="ChinnuTest" name="test" time="0.007"/>
  <system-out/>
</testsuite> <!-- ChinnuTest -->
